# JRE version: OpenJDK Runtime Environment Temurin-21.0.10+7 (21.0.10+7) (build 21.0.10+7-LTS)
# Java VM: OpenJDK 64-Bit Server VM Temurin-21.0.10+7 (21.0.10+7-LTS, mixed mode, sharing, tiered, compressed oops, compressed class ptrs, parallel gc, windows-amd64)
GC Precious Log:
 CardTable entry size: 512
 CPUs: 8 total, 8 available
 Memory: 16078M
 Large Page Support: Disabled
 NUMA Support: Disabled
 Compressed Oops: Enabled (32-bit)
 Alignments: Space 512K, Generation 512K, Heap 2M
 Heap Min Capacity: 100M
 Heap Initial Capacity: 100M
 Heap Max Capacity: 2G
 Pre-touch: Disabled
 Parallel Workers: 8
Heap:
 PSYoungGen      total 3584K, used 1347K [0x00000000d5580000, 0x00000000d5a80000, 0x0000000100000000)
  eden space 3072K, 27% used [0x00000000d5580000,0x00000000d5652008,0x00000000d5880000)
  from space 512K, 99% used [0x00000000d5980000,0x00000000d59fee50,0x00000000d5a00000)
  to   space 1024K, 0% used [0x00000000d5880000,0x00000000d5880000,0x00000000d5980000)
 ParOldGen       total 377856K, used 179041K [0x0000000080000000, 0x0000000097100000, 0x00000000d5580000)
  object space 377856K, 47% used [0x0000000080000000,0x000000008aed84a8,0x0000000097100000)
 Metaspace       used 81048K, committed 82880K, reserved 1179648K
  class space    used 8406K, committed 9216K, reserved 1048576K
GC Heap History (20 events):
Event: 139.329 GC heap before
{Heap before GC invocations=477 (full 4):
 PSYoungGen      total 3072K, used 3040K [0x00000000d5580000, 0x00000000d5980000, 0x0000000100000000)
  eden space 2560K, 100% used [0x00000000d5580000,0x00000000d5800000,0x00000000d5800000)
  from space 512K, 93% used [0x00000000d5900000,0x00000000d5978000,0x00000000d5980000)
  to   space 512K, 0% used [0x00000000d5800000,0x00000000d5800000,0x00000000d5880000)
 ParOldGen       total 377856K, used 176126K [0x0000000080000000, 0x0000000097100000, 0x00000000d5580000)
  object space 377856K, 46% used [0x0000000080000000,0x000000008abff978,0x0000000097100000)
 Metaspace       used 80830K, committed 82688K, reserved 1179648K
  class space    used 8376K, committed 9216K, reserved 1048576K
}
Event: 139.330 GC heap after
{Heap after GC invocations=477 (full 4):
 PSYoungGen      total 3072K, used 192K [0x00000000d5580000, 0x00000000d5980000, 0x0000000100000000)
  eden space 2560K, 0% used [0x00000000d5580000,0x00000000d5580000,0x00000000d5800000)
  from space 512K, 37% used [0x00000000d5800000,0x00000000d5830000,0x00000000d5880000)
  to   space 512K, 0% used [0x00000000d5900000,0x00000000d5900000,0x00000000d5980000)
 ParOldGen       total 377856K, used 176528K [0x0000000080000000, 0x0000000097100000, 0x00000000d5580000)
  object space 377856K, 46% used [0x0000000080000000,0x000000008ac64278,0x0000000097100000)
 Metaspace       used 80830K, committed 82688K, reserved 1179648K
  class space    used 8376K, committed 9216K, reserved 1048576K
}
Event: 139.333 GC heap before
{Heap before GC invocations=478 (full 4):
 PSYoungGen      total 3072K, used 2752K [0x00000000d5580000, 0x00000000d5980000, 0x0000000100000000)
  eden space 2560K, 100% used [0x00000000d5580000,0x00000000d5800000,0x00000000d5800000)
  from space 512K, 37% used [0x00000000d5800000,0x00000000d5830000,0x00000000d5880000)
  to   space 512K, 0% used [0x00000000d5900000,0x00000000d5900000,0x00000000d5980000)
 ParOldGen       total 377856K, used 176528K [0x0000000080000000, 0x0000000097100000, 0x00000000d5580000)
  object space 377856K, 46% used [0x0000000080000000,0x000000008ac64278,0x0000000097100000)
 Metaspace       used 80830K, committed 82688K, reserved 1179648K
  class space    used 8376K, committed 9216K, reserved 1048576K
}
Event: 139.333 GC heap after
{Heap after GC invocations=478 (full 4):
 PSYoungGen      total 3072K, used 352K [0x00000000d5580000, 0x00000000d5980000, 0x0000000100000000)
  eden space 2560K, 0% used [0x00000000d5580000,0x00000000d5580000,0x00000000d5800000)
  from space 512K, 68% used [0x00000000d5900000,0x00000000d5958000,0x00000000d5980000)
  to   space 512K, 0% used [0x00000000d5800000,0x00000000d5800000,0x00000000d5880000)
 ParOldGen       total 377856K, used 176648K [0x0000000080000000, 0x0000000097100000, 0x00000000d5580000)
  object space 377856K, 46% used [0x0000000080000000,0x000000008ac82278,0x0000000097100000)
 Metaspace       used 80830K, committed 82688K, reserved 1179648K
  class space    used 8376K, committed 9216K, reserved 1048576K
}
Event: 139.341 GC heap before
{Heap before GC invocations=479 (full 4):
 PSYoungGen      total 3072K, used 2817K [0x00000000d5580000, 0x00000000d5980000, 0x0000000100000000)
  eden space 2560K, 96% used [0x00000000d5580000,0x00000000d57e84e0,0x00000000d5800000)
  from space 512K, 68% used [0x00000000d5900000,0x00000000d5958000,0x00000000d5980000)
  to   space 512K, 0% used [0x00000000d5800000,0x00000000d5800000,0x00000000d5880000)
 ParOldGen       total 377856K, used 176648K [0x0000000080000000, 0x0000000097100000, 0x00000000d5580000)
  object space 377856K, 46% used [0x0000000080000000,0x000000008ac82278,0x0000000097100000)
 Metaspace       used 80830K, committed 82688K, reserved 1179648K
  class space    used 8376K, committed 9216K, reserved 1048576K
}
Event: 139.342 GC heap after
{Heap after GC invocations=479 (full 4):
 PSYoungGen      total 3072K, used 506K [0x00000000d5580000, 0x00000000d5a00000, 0x0000000100000000)
  eden space 2560K, 0% used [0x00000000d5580000,0x00000000d5580000,0x00000000d5800000)
  from space 512K, 98% used [0x00000000d5800000,0x00000000d587e900,0x00000000d5880000)
  to   space 1024K, 0% used [0x00000000d5900000,0x00000000d5900000,0x00000000d5a00000)
 ParOldGen       total 377856K, used 176856K [0x0000000080000000, 0x0000000097100000, 0x00000000d5580000)
  object space 377856K, 46% used [0x0000000080000000,0x000000008acb6278,0x0000000097100000)
 Metaspace       used 80830K, committed 82688K, reserved 1179648K
  class space    used 8376K, committed 9216K, reserved 1048576K
}
Event: 139.346 GC heap before
{Heap before GC invocations=480 (full 4):
 PSYoungGen      total 3072K, used 3066K [0x00000000d5580000, 0x00000000d5a00000, 0x0000000100000000)
  eden space 2560K, 100% used [0x00000000d5580000,0x00000000d5800000,0x00000000d5800000)
  from space 512K, 98% used [0x00000000d5800000,0x00000000d587e900,0x00000000d5880000)
  to   space 1024K, 0% used [0x00000000d5900000,0x00000000d5900000,0x00000000d5a00000)
 ParOldGen       total 377856K, used 176856K [0x0000000080000000, 0x0000000097100000, 0x00000000d5580000)
  object space 377856K, 46% used [0x0000000080000000,0x000000008acb6278,0x0000000097100000)
 Metaspace       used 80830K, committed 82688K, reserved 1179648K
  class space    used 8376K, committed 9216K, reserved 1048576K
}
Event: 139.346 GC heap after
{Heap after GC invocations=480 (full 4):
 PSYoungGen      total 3072K, used 448K [0x00000000d5580000, 0x00000000d5980000, 0x0000000100000000)
  eden space 2560K, 0% used [0x00000000d5580000,0x00000000d5580000,0x00000000d5800000)
  from space 512K, 87% used [0x00000000d5900000,0x00000000d5970000,0x00000000d5980000)
  to   space 512K, 0% used [0x00000000d5800000,0x00000000d5800000,0x00000000d5880000)
 ParOldGen       total 377856K, used 177213K [0x0000000080000000, 0x0000000097100000, 0x00000000d5580000)
  object space 377856K, 46% used [0x0000000080000000,0x000000008ad0f478,0x0000000097100000)
 Metaspace       used 80830K, committed 82688K, reserved 1179648K
  class space    used 8376K, committed 9216K, reserved 1048576K
}
Event: 139.348 GC heap before
{Heap before GC invocations=481 (full 4):
 PSYoungGen      total 3072K, used 3008K [0x00000000d5580000, 0x00000000d5980000, 0x0000000100000000)
  eden space 2560K, 100% used [0x00000000d5580000,0x00000000d5800000,0x00000000d5800000)
  from space 512K, 87% used [0x00000000d5900000,0x00000000d5970000,0x00000000d5980000)
  to   space 512K, 0% used [0x00000000d5800000,0x00000000d5800000,0x00000000d5880000)
 ParOldGen       total 377856K, used 177213K [0x0000000080000000, 0x0000000097100000, 0x00000000d5580000)
  object space 377856K, 46% used [0x0000000080000000,0x000000008ad0f478,0x0000000097100000)
 Metaspace       used 80830K, committed 82688K, reserved 1179648K
  class space    used 8376K, committed 9216K, reserved 1048576K
}
Event: 139.349 GC heap after
{Heap after GC invocations=481 (full 4):
 PSYoungGen      total 3072K, used 256K [0x00000000d5580000, 0x00000000d5980000, 0x0000000100000000)
  eden space 2560K, 0% used [0x00000000d5580000,0x00000000d5580000,0x00000000d5800000)
  from space 512K, 50% used [0x00000000d5800000,0x00000000d5840000,0x00000000d5880000)
  to   space 512K, 0% used [0x00000000d5900000,0x00000000d5900000,0x00000000d5980000)
 ParOldGen       total 377856K, used 177621K [0x0000000080000000, 0x0000000097100000, 0x00000000d5580000)
  object space 377856K, 47% used [0x0000000080000000,0x000000008ad75478,0x0000000097100000)
 Metaspace       used 80830K, committed 82688K, reserved 1179648K
  class space    used 8376K, committed 9216K, reserved 1048576K
}
Event: 139.352 GC heap before
{Heap before GC invocations=482 (full 4):
 PSYoungGen      total 3072K, used 2816K [0x00000000d5580000, 0x00000000d5980000, 0x0000000100000000)
  eden space 2560K, 100% used [0x00000000d5580000,0x00000000d5800000,0x00000000d5800000)
  from space 512K, 50% used [0x00000000d5800000,0x00000000d5840000,0x00000000d5880000)
  to   space 512K, 0% used [0x00000000d5900000,0x00000000d5900000,0x00000000d5980000)
 ParOldGen       total 377856K, used 177621K [0x0000000080000000, 0x0000000097100000, 0x00000000d5580000)
  object space 377856K, 47% used [0x0000000080000000,0x000000008ad75478,0x0000000097100000)
 Metaspace       used 80830K, committed 82688K, reserved 1179648K
  class space    used 8376K, committed 9216K, reserved 1048576K
}
Event: 139.352 GC heap after
{Heap after GC invocations=482 (full 4):
 PSYoungGen      total 3584K, used 352K [0x00000000d5580000, 0x00000000d5980000, 0x0000000100000000)
  eden space 3072K, 0% used [0x00000000d5580000,0x00000000d5580000,0x00000000d5880000)
  from space 512K, 68% used [0x00000000d5900000,0x00000000d5958000,0x00000000d5980000)
  to   space 512K, 0% used [0x00000000d5880000,0x00000000d5880000,0x00000000d5900000)
 ParOldGen       total 377856K, used 177773K [0x0000000080000000, 0x0000000097100000, 0x00000000d5580000)
  object space 377856K, 47% used [0x0000000080000000,0x000000008ad9b478,0x0000000097100000)
 Metaspace       used 80830K, committed 82688K, reserved 1179648K
  class space    used 8376K, committed 9216K, reserved 1048576K
}
Event: 139.364 GC heap before
{Heap before GC invocations=483 (full 4):
 PSYoungGen      total 3584K, used 3374K [0x00000000d5580000, 0x00000000d5980000, 0x0000000100000000)
  eden space 3072K, 98% used [0x00000000d5580000,0x00000000d5873868,0x00000000d5880000)
  from space 512K, 68% used [0x00000000d5900000,0x00000000d5958000,0x00000000d5980000)
  to   space 512K, 0% used [0x00000000d5880000,0x00000000d5880000,0x00000000d5900000)
 ParOldGen       total 377856K, used 177773K [0x0000000080000000, 0x0000000097100000, 0x00000000d5580000)
  object space 377856K, 47% used [0x0000000080000000,0x000000008ad9b478,0x0000000097100000)
 Metaspace       used 80839K, committed 82688K, reserved 1179648K
  class space    used 8376K, committed 9216K, reserved 1048576K
}
Event: 139.365 GC heap after
{Heap after GC invocations=483 (full 4):
 PSYoungGen      total 3584K, used 501K [0x00000000d5580000, 0x00000000d5a80000, 0x0000000100000000)
  eden space 3072K, 0% used [0x00000000d5580000,0x00000000d5580000,0x00000000d5880000)
  from space 512K, 98% used [0x00000000d5880000,0x00000000d58fd770,0x00000000d5900000)
  to   space 1024K, 0% used [0x00000000d5980000,0x00000000d5980000,0x00000000d5a80000)
 ParOldGen       total 377856K, used 178140K [0x0000000080000000, 0x0000000097100000, 0x00000000d5580000)
  object space 377856K, 47% used [0x0000000080000000,0x000000008adf72a8,0x0000000097100000)
 Metaspace       used 80839K, committed 82688K, reserved 1179648K
  class space    used 8376K, committed 9216K, reserved 1048576K
}
Event: 139.368 GC heap before
{Heap before GC invocations=484 (full 4):
 PSYoungGen      total 3584K, used 3573K [0x00000000d5580000, 0x00000000d5a80000, 0x0000000100000000)
  eden space 3072K, 100% used [0x00000000d5580000,0x00000000d5880000,0x00000000d5880000)
  from space 512K, 98% used [0x00000000d5880000,0x00000000d58fd770,0x00000000d5900000)
  to   space 1024K, 0% used [0x00000000d5980000,0x00000000d5980000,0x00000000d5a80000)
 ParOldGen       total 377856K, used 178140K [0x0000000080000000, 0x0000000097100000, 0x00000000d5580000)
  object space 377856K, 47% used [0x0000000080000000,0x000000008adf72a8,0x0000000097100000)
 Metaspace       used 80839K, committed 82688K, reserved 1179648K
  class space    used 8376K, committed 9216K, reserved 1048576K
}
Event: 139.370 GC heap after
{Heap after GC invocations=484 (full 4):
 PSYoungGen      total 4096K, used 384K [0x00000000d5580000, 0x00000000d5b80000, 0x0000000100000000)
  eden space 3072K, 0% used [0x00000000d5580000,0x00000000d5580000,0x00000000d5880000)
  from space 1024K, 37% used [0x00000000d5980000,0x00000000d59e0000,0x00000000d5a80000)
  to   space 1024K, 0% used [0x00000000d5880000,0x00000000d5880000,0x00000000d5980000)
 ParOldGen       total 377856K, used 178521K [0x0000000080000000, 0x0000000097100000, 0x00000000d5580000)
  object space 377856K, 47% used [0x0000000080000000,0x000000008ae564a8,0x0000000097100000)
 Metaspace       used 80839K, committed 82688K, reserved 1179648K
  class space    used 8376K, committed 9216K, reserved 1048576K
}
Event: 139.375 GC heap before
{Heap before GC invocations=485 (full 4):
 PSYoungGen      total 4096K, used 3456K [0x00000000d5580000, 0x00000000d5b80000, 0x0000000100000000)
  eden space 3072K, 100% used [0x00000000d5580000,0x00000000d5880000,0x00000000d5880000)
  from space 1024K, 37% used [0x00000000d5980000,0x00000000d59e0000,0x00000000d5a80000)
  to   space 1024K, 0% used [0x00000000d5880000,0x00000000d5880000,0x00000000d5980000)
 ParOldGen       total 377856K, used 178521K [0x0000000080000000, 0x0000000097100000, 0x00000000d5580000)
  object space 377856K, 47% used [0x0000000080000000,0x000000008ae564a8,0x0000000097100000)
 Metaspace       used 80839K, committed 82688K, reserved 1179648K
  class space    used 8376K, committed 9216K, reserved 1048576K
}
Event: 139.376 GC heap after
{Heap after GC invocations=485 (full 4):
 PSYoungGen      total 4096K, used 320K [0x00000000d5580000, 0x00000000d5a00000, 0x0000000100000000)
  eden space 3072K, 0% used [0x00000000d5580000,0x00000000d5580000,0x00000000d5880000)
  from space 1024K, 31% used [0x00000000d5880000,0x00000000d58d0000,0x00000000d5980000)
  to   space 512K, 0% used [0x00000000d5980000,0x00000000d5980000,0x00000000d5a00000)
 ParOldGen       total 377856K, used 178825K [0x0000000080000000, 0x0000000097100000, 0x00000000d5580000)
  object space 377856K, 47% used [0x0000000080000000,0x000000008aea24a8,0x0000000097100000)
 Metaspace       used 80839K, committed 82688K, reserved 1179648K
  class space    used 8376K, committed 9216K, reserved 1048576K
}
Event: 139.415 GC heap before
{Heap before GC invocations=486 (full 4):
 PSYoungGen      total 4096K, used 3392K [0x00000000d5580000, 0x00000000d5a00000, 0x0000000100000000)
  eden space 3072K, 100% used [0x00000000d5580000,0x00000000d5880000,0x00000000d5880000)
  from space 1024K, 31% used [0x00000000d5880000,0x00000000d58d0000,0x00000000d5980000)
  to   space 512K, 0% used [0x00000000d5980000,0x00000000d5980000,0x00000000d5a00000)
 ParOldGen       total 377856K, used 178825K [0x0000000080000000, 0x0000000097100000, 0x00000000d5580000)
  object space 377856K, 47% used [0x0000000080000000,0x000000008aea24a8,0x0000000097100000)
 Metaspace       used 81020K, committed 82880K, reserved 1179648K
  class space    used 8402K, committed 9216K, reserved 1048576K
}
Event: 139.416 GC heap after
{Heap after GC invocations=486 (full 4):
 PSYoungGen      total 3584K, used 507K [0x00000000d5580000, 0x00000000d5a80000, 0x0000000100000000)
  eden space 3072K, 0% used [0x00000000d5580000,0x00000000d5580000,0x00000000d5880000)
  from space 512K, 99% used [0x00000000d5980000,0x00000000d59fee50,0x00000000d5a00000)
  to   space 1024K, 0% used [0x00000000d5880000,0x00000000d5880000,0x00000000d5980000)
 ParOldGen       total 377856K, used 179041K [0x0000000080000000, 0x0000000097100000, 0x00000000d5580000)
  object space 377856K, 47% used [0x0000000080000000,0x000000008aed84a8,0x0000000097100000)
 Metaspace       used 81020K, committed 82880K, reserved 1179648K
  class space    used 8402K, committed 9216K, reserved 1048576K
}

