# JRE version: OpenJDK Runtime Environment Temurin-21.0.10+7 (21.0.10+7) (build 21.0.10+7-LTS)
# Java VM: OpenJDK 64-Bit Server VM Temurin-21.0.10+7 (21.0.10+7-LTS, mixed mode, sharing, tiered, compressed oops, compressed class ptrs, parallel gc, windows-amd64)
GC Precious Log:
 CardTable entry size: 512
 CPUs: 8 total, 8 available
 Memory: 16078M
 Large Page Support: Disabled
 NUMA Support: Disabled
 Compressed Oops: Enabled (32-bit)
 Alignments: Space 512K, Generation 512K, Heap 2M
 Heap Min Capacity: 100M
 Heap Initial Capacity: 100M
 Heap Max Capacity: 2G
 Pre-touch: Disabled
 Parallel Workers: 8
Heap:
 PSYoungGen      total 9216K, used 8512K [0x00000000d5580000, 0x00000000d6000000, 0x0000000100000000)
  eden space 8704K, 92% used [0x00000000d5580000,0x00000000d5d528d8,0x00000000d5e00000)
  from space 512K, 98% used [0x00000000d5f00000,0x00000000d5f7dab8,0x00000000d5f80000)
  to   space 512K, 100% used [0x00000000d5f80000,0x00000000d6000000,0x00000000d6000000)
 ParOldGen       total 367104K, used 366709K [0x0000000080000000, 0x0000000096680000, 0x00000000d5580000)
  object space 367104K, 99% used [0x0000000080000000,0x000000009661d718,0x0000000096680000)
 Metaspace       used 87935K, committed 89664K, reserved 1179648K
  class space    used 9104K, committed 9856K, reserved 1048576K
GC Heap History (20 events):
Event: 2447.441 GC heap after
{Heap after GC invocations=568 (full 4):
 PSYoungGen      total 10240K, used 4144K [0x00000000d5580000, 0x00000000d6780000, 0x0000000100000000)
  eden space 5632K, 0% used [0x00000000d5580000,0x00000000d5580000,0x00000000d5b00000)
  from space 4608K, 89% used [0x00000000d6300000,0x00000000d670c050,0x00000000d6780000)
  to   space 5632K, 0% used [0x00000000d5c80000,0x00000000d5c80000,0x00000000d6200000)
 ParOldGen       total 321536K, used 321157K [0x0000000080000000, 0x0000000093a00000, 0x00000000d5580000)
  object space 321536K, 99% used [0x0000000080000000,0x00000000939a1658,0x0000000093a00000)
 Metaspace       used 87826K, committed 89600K, reserved 1179648K
  class space    used 9100K, committed 9856K, reserved 1048576K
}
Event: 2447.449 GC heap before
{Heap before GC invocations=569 (full 4):
 PSYoungGen      total 10240K, used 9715K [0x00000000d5580000, 0x00000000d6780000, 0x0000000100000000)
  eden space 5632K, 98% used [0x00000000d5580000,0x00000000d5af0dd0,0x00000000d5b00000)
  from space 4608K, 89% used [0x00000000d6300000,0x00000000d670c050,0x00000000d6780000)
  to   space 5632K, 0% used [0x00000000d5c80000,0x00000000d5c80000,0x00000000d6200000)
 ParOldGen       total 321536K, used 321157K [0x0000000080000000, 0x0000000093a00000, 0x00000000d5580000)
  object space 321536K, 99% used [0x0000000080000000,0x00000000939a1658,0x0000000093a00000)
 Metaspace       used 87826K, committed 89600K, reserved 1179648K
  class space    used 9100K, committed 9856K, reserved 1048576K
}
Event: 2447.452 GC heap after
{Heap after GC invocations=569 (full 4):
 PSYoungGen      total 12800K, used 5033K [0x00000000d5580000, 0x00000000d6780000, 0x0000000100000000)
  eden space 7168K, 0% used [0x00000000d5580000,0x00000000d5580000,0x00000000d5c80000)
  from space 5632K, 89% used [0x00000000d5c80000,0x00000000d616a788,0x00000000d6200000)
  to   space 5632K, 0% used [0x00000000d6200000,0x00000000d6200000,0x00000000d6780000)
 ParOldGen       total 325632K, used 325165K [0x0000000080000000, 0x0000000093e00000, 0x00000000d5580000)
  object space 325632K, 99% used [0x0000000080000000,0x0000000093d8b6b8,0x0000000093e00000)
 Metaspace       used 87826K, committed 89600K, reserved 1179648K
  class space    used 9100K, committed 9856K, reserved 1048576K
}
Event: 2447.528 GC heap before
{Heap before GC invocations=570 (full 4):
 PSYoungGen      total 12800K, used 12201K [0x00000000d5580000, 0x00000000d6780000, 0x0000000100000000)
  eden space 7168K, 100% used [0x00000000d5580000,0x00000000d5c80000,0x00000000d5c80000)
  from space 5632K, 89% used [0x00000000d5c80000,0x00000000d616a788,0x00000000d6200000)
  to   space 5632K, 0% used [0x00000000d6200000,0x00000000d6200000,0x00000000d6780000)
 ParOldGen       total 357376K, used 355885K [0x0000000080000000, 0x0000000095d00000, 0x00000000d5580000)
  object space 357376K, 99% used [0x0000000080000000,0x0000000095b8b6e8,0x0000000095d00000)
 Metaspace       used 87846K, committed 89600K, reserved 1179648K
  class space    used 9100K, committed 9856K, reserved 1048576K
}
Event: 2447.531 GC heap after
{Heap after GC invocations=570 (full 4):
 PSYoungGen      total 11776K, used 2144K [0x00000000d5580000, 0x00000000d6500000, 0x0000000100000000)
  eden space 8704K, 0% used [0x00000000d5580000,0x00000000d5580000,0x00000000d5e00000)
  from space 3072K, 69% used [0x00000000d6200000,0x00000000d6418020,0x00000000d6500000)
  to   space 3584K, 0% used [0x00000000d5e00000,0x00000000d5e00000,0x00000000d6180000)
 ParOldGen       total 357376K, used 356882K [0x0000000080000000, 0x0000000095d00000, 0x00000000d5580000)
  object space 357376K, 99% used [0x0000000080000000,0x0000000095c84840,0x0000000095d00000)
 Metaspace       used 87846K, committed 89600K, reserved 1179648K
  class space    used 9100K, committed 9856K, reserved 1048576K
}
Event: 2448.041 GC heap before
{Heap before GC invocations=571 (full 4):
 PSYoungGen      total 11776K, used 10848K [0x00000000d5580000, 0x00000000d6500000, 0x0000000100000000)
  eden space 8704K, 100% used [0x00000000d5580000,0x00000000d5e00000,0x00000000d5e00000)
  from space 3072K, 69% used [0x00000000d6200000,0x00000000d6418020,0x00000000d6500000)
  to   space 3584K, 0% used [0x00000000d5e00000,0x00000000d5e00000,0x00000000d6180000)
 ParOldGen       total 357376K, used 356882K [0x0000000080000000, 0x0000000095d00000, 0x00000000d5580000)
  object space 357376K, 99% used [0x0000000080000000,0x0000000095c84840,0x0000000095d00000)
 Metaspace       used 87864K, committed 89600K, reserved 1179648K
  class space    used 9100K, committed 9856K, reserved 1048576K
}
Event: 2448.043 GC heap after
{Heap after GC invocations=571 (full 4):
 PSYoungGen      total 9216K, used 288K [0x00000000d5580000, 0x00000000d6280000, 0x0000000100000000)
  eden space 8704K, 0% used [0x00000000d5580000,0x00000000d5580000,0x00000000d5e00000)
  from space 512K, 56% used [0x00000000d5e00000,0x00000000d5e48020,0x00000000d5e80000)
  to   space 1536K, 0% used [0x00000000d6100000,0x00000000d6100000,0x00000000d6280000)
 ParOldGen       total 358912K, used 358902K [0x0000000080000000, 0x0000000095e80000, 0x00000000d5580000)
  object space 358912K, 99% used [0x0000000080000000,0x0000000095e7d9b8,0x0000000095e80000)
 Metaspace       used 87864K, committed 89600K, reserved 1179648K
  class space    used 9100K, committed 9856K, reserved 1048576K
}
Event: 2453.648 GC heap before
{Heap before GC invocations=572 (full 4):
 PSYoungGen      total 9216K, used 8989K [0x00000000d5580000, 0x00000000d6280000, 0x0000000100000000)
  eden space 8704K, 99% used [0x00000000d5580000,0x00000000d5dff4f0,0x00000000d5e00000)
  from space 512K, 56% used [0x00000000d5e00000,0x00000000d5e48020,0x00000000d5e80000)
  to   space 1536K, 0% used [0x00000000d6100000,0x00000000d6100000,0x00000000d6280000)
 ParOldGen       total 358912K, used 358902K [0x0000000080000000, 0x0000000095e80000, 0x00000000d5580000)
  object space 358912K, 99% used [0x0000000080000000,0x0000000095e7d9b8,0x0000000095e80000)
 Metaspace       used 87886K, committed 89664K, reserved 1179648K
  class space    used 9103K, committed 9856K, reserved 1048576K
}
Event: 2453.649 GC heap after
{Heap after GC invocations=572 (full 4):
 PSYoungGen      total 9216K, used 256K [0x00000000d5580000, 0x00000000d6180000, 0x0000000100000000)
  eden space 8704K, 0% used [0x00000000d5580000,0x00000000d5580000,0x00000000d5e00000)
  from space 512K, 50% used [0x00000000d6100000,0x00000000d6140000,0x00000000d6180000)
  to   space 512K, 0% used [0x00000000d5e00000,0x00000000d5e00000,0x00000000d5e80000)
 ParOldGen       total 359424K, used 359030K [0x0000000080000000, 0x0000000095f00000, 0x00000000d5580000)
  object space 359424K, 99% used [0x0000000080000000,0x0000000095e9d9d8,0x0000000095f00000)
 Metaspace       used 87886K, committed 89664K, reserved 1179648K
  class space    used 9103K, committed 9856K, reserved 1048576K
}
Event: 2453.673 GC heap before
{Heap before GC invocations=573 (full 4):
 PSYoungGen      total 9216K, used 8960K [0x00000000d5580000, 0x00000000d6180000, 0x0000000100000000)
  eden space 8704K, 100% used [0x00000000d5580000,0x00000000d5e00000,0x00000000d5e00000)
  from space 512K, 50% used [0x00000000d6100000,0x00000000d6140000,0x00000000d6180000)
  to   space 512K, 0% used [0x00000000d5e00000,0x00000000d5e00000,0x00000000d5e80000)
 ParOldGen       total 359424K, used 359030K [0x0000000080000000, 0x0000000095f00000, 0x00000000d5580000)
  object space 359424K, 99% used [0x0000000080000000,0x0000000095e9d9d8,0x0000000095f00000)
 Metaspace       used 87889K, committed 89664K, reserved 1179648K
  class space    used 9103K, committed 9856K, reserved 1048576K
}
Event: 2453.675 GC heap after
{Heap after GC invocations=573 (full 4):
 PSYoungGen      total 9216K, used 512K [0x00000000d5580000, 0x00000000d6180000, 0x0000000100000000)
  eden space 8704K, 0% used [0x00000000d5580000,0x00000000d5580000,0x00000000d5e00000)
  from space 512K, 100% used [0x00000000d5e00000,0x00000000d5e80000,0x00000000d5e80000)
  to   space 1536K, 0% used [0x00000000d6000000,0x00000000d6000000,0x00000000d6180000)
 ParOldGen       total 359936K, used 359625K [0x0000000080000000, 0x0000000095f80000, 0x00000000d5580000)
  object space 359936K, 99% used [0x0000000080000000,0x0000000095f326b8,0x0000000095f80000)
 Metaspace       used 87889K, committed 89664K, reserved 1179648K
  class space    used 9103K, committed 9856K, reserved 1048576K
}
Event: 2453.732 GC heap before
{Heap before GC invocations=574 (full 4):
 PSYoungGen      total 9216K, used 9216K [0x00000000d5580000, 0x00000000d6180000, 0x0000000100000000)
  eden space 8704K, 100% used [0x00000000d5580000,0x00000000d5e00000,0x00000000d5e00000)
  from space 512K, 100% used [0x00000000d5e00000,0x00000000d5e80000,0x00000000d5e80000)
  to   space 1536K, 0% used [0x00000000d6000000,0x00000000d6000000,0x00000000d6180000)
 ParOldGen       total 359936K, used 359625K [0x0000000080000000, 0x0000000095f80000, 0x00000000d5580000)
  object space 359936K, 99% used [0x0000000080000000,0x0000000095f326b8,0x0000000095f80000)
 Metaspace       used 87900K, committed 89664K, reserved 1179648K
  class space    used 9103K, committed 9856K, reserved 1048576K
}
Event: 2453.734 GC heap after
{Heap after GC invocations=574 (full 4):
 PSYoungGen      total 9216K, used 288K [0x00000000d5580000, 0x00000000d6080000, 0x0000000100000000)
  eden space 8704K, 0% used [0x00000000d5580000,0x00000000d5580000,0x00000000d5e00000)
  from space 512K, 56% used [0x00000000d6000000,0x00000000d6048000,0x00000000d6080000)
  to   space 1024K, 0% used [0x00000000d5e80000,0x00000000d5e80000,0x00000000d5f80000)
 ParOldGen       total 360448K, used 360126K [0x0000000080000000, 0x0000000096000000, 0x00000000d5580000)
  object space 360448K, 99% used [0x0000000080000000,0x0000000095fafbb8,0x0000000096000000)
 Metaspace       used 87900K, committed 89664K, reserved 1179648K
  class space    used 9103K, committed 9856K, reserved 1048576K
}
Event: 2454.106 GC heap before
{Heap before GC invocations=575 (full 4):
 PSYoungGen      total 9216K, used 8992K [0x00000000d5580000, 0x00000000d6080000, 0x0000000100000000)
  eden space 8704K, 100% used [0x00000000d5580000,0x00000000d5e00000,0x00000000d5e00000)
  from space 512K, 56% used [0x00000000d6000000,0x00000000d6048000,0x00000000d6080000)
  to   space 1024K, 0% used [0x00000000d5e80000,0x00000000d5e80000,0x00000000d5f80000)
 ParOldGen       total 360448K, used 360126K [0x0000000080000000, 0x0000000096000000, 0x00000000d5580000)
  object space 360448K, 99% used [0x0000000080000000,0x0000000095fafbb8,0x0000000096000000)
 Metaspace       used 87909K, committed 89664K, reserved 1179648K
  class space    used 9103K, committed 9856K, reserved 1048576K
}
Event: 2454.107 GC heap after
{Heap after GC invocations=575 (full 4):
 PSYoungGen      total 9728K, used 660K [0x00000000d5580000, 0x00000000d6080000, 0x0000000100000000)
  eden space 8704K, 0% used [0x00000000d5580000,0x00000000d5580000,0x00000000d5e00000)
  from space 1024K, 64% used [0x00000000d5e80000,0x00000000d5f25200,0x00000000d5f80000)
  to   space 1024K, 0% used [0x00000000d5f80000,0x00000000d5f80000,0x00000000d6080000)
 ParOldGen       total 360448K, used 360231K [0x0000000080000000, 0x0000000096000000, 0x00000000d5580000)
  object space 360448K, 99% used [0x0000000080000000,0x0000000095fc9e68,0x0000000096000000)
 Metaspace       used 87909K, committed 89664K, reserved 1179648K
  class space    used 9103K, committed 9856K, reserved 1048576K
}
Event: 2454.304 GC heap before
{Heap before GC invocations=576 (full 4):
 PSYoungGen      total 9728K, used 9364K [0x00000000d5580000, 0x00000000d6080000, 0x0000000100000000)
  eden space 8704K, 100% used [0x00000000d5580000,0x00000000d5e00000,0x00000000d5e00000)
  from space 1024K, 64% used [0x00000000d5e80000,0x00000000d5f25200,0x00000000d5f80000)
  to   space 1024K, 0% used [0x00000000d5f80000,0x00000000d5f80000,0x00000000d6080000)
 ParOldGen       total 360448K, used 360231K [0x0000000080000000, 0x0000000096000000, 0x00000000d5580000)
  object space 360448K, 99% used [0x0000000080000000,0x0000000095fc9e68,0x0000000096000000)
 Metaspace       used 87912K, committed 89664K, reserved 1179648K
  class space    used 9103K, committed 9856K, reserved 1048576K
}
Event: 2454.305 GC heap after
{Heap after GC invocations=576 (full 4):
 PSYoungGen      total 9216K, used 308K [0x00000000d5580000, 0x00000000d6000000, 0x0000000100000000)
  eden space 8704K, 0% used [0x00000000d5580000,0x00000000d5580000,0x00000000d5e00000)
  from space 512K, 60% used [0x00000000d5f80000,0x00000000d5fcd200,0x00000000d6000000)
  to   space 512K, 0% used [0x00000000d5f00000,0x00000000d5f00000,0x00000000d5f80000)
 ParOldGen       total 360448K, used 360292K [0x0000000080000000, 0x0000000096000000, 0x00000000d5580000)
  object space 360448K, 99% used [0x0000000080000000,0x0000000095fd93b8,0x0000000096000000)
 Metaspace       used 87912K, committed 89664K, reserved 1179648K
  class space    used 9103K, committed 9856K, reserved 1048576K
}
Event: 2454.325 GC heap before
{Heap before GC invocations=577 (full 4):
 PSYoungGen      total 9216K, used 9012K [0x00000000d5580000, 0x00000000d6000000, 0x0000000100000000)
  eden space 8704K, 100% used [0x00000000d5580000,0x00000000d5e00000,0x00000000d5e00000)
  from space 512K, 60% used [0x00000000d5f80000,0x00000000d5fcd200,0x00000000d6000000)
  to   space 512K, 0% used [0x00000000d5f00000,0x00000000d5f00000,0x00000000d5f80000)
 ParOldGen       total 360448K, used 360292K [0x0000000080000000, 0x0000000096000000, 0x00000000d5580000)
  object space 360448K, 99% used [0x0000000080000000,0x0000000095fd93b8,0x0000000096000000)
 Metaspace       used 87915K, committed 89664K, reserved 1179648K
  class space    used 9103K, committed 9856K, reserved 1048576K
}
Event: 2454.328 GC heap after
{Heap after GC invocations=577 (full 4):
 PSYoungGen      total 9216K, used 502K [0x00000000d5580000, 0x00000000d6000000, 0x0000000100000000)
  eden space 8704K, 0% used [0x00000000d5580000,0x00000000d5580000,0x00000000d5e00000)
  from space 512K, 98% used [0x00000000d5f00000,0x00000000d5f7dab8,0x00000000d5f80000)
  to   space 512K, 0% used [0x00000000d5f80000,0x00000000d5f80000,0x00000000d6000000)
 ParOldGen       total 366080K, used 365932K [0x0000000080000000, 0x0000000096580000, 0x00000000d5580000)
  object space 366080K, 99% used [0x0000000080000000,0x000000009655b110,0x0000000096580000)
 Metaspace       used 87915K, committed 89664K, reserved 1179648K
  class space    used 9103K, committed 9856K, reserved 1048576K
}
Event: 2454.368 GC heap before
{Heap before GC invocations=578 (full 4):
 PSYoungGen      total 9216K, used 8512K [0x00000000d5580000, 0x00000000d6000000, 0x0000000100000000)
  eden space 8704K, 92% used [0x00000000d5580000,0x00000000d5d528d8,0x00000000d5e00000)
  from space 512K, 98% used [0x00000000d5f00000,0x00000000d5f7dab8,0x00000000d5f80000)
  to   space 512K, 0% used [0x00000000d5f80000,0x00000000d5f80000,0x00000000d6000000)
 ParOldGen       total 366080K, used 365932K [0x0000000080000000, 0x0000000096580000, 0x00000000d5580000)
  object space 366080K, 99% used [0x0000000080000000,0x000000009655b110,0x0000000096580000)
 Metaspace       used 87935K, committed 89664K, reserved 1179648K
  class space    used 9104K, committed 9856K, reserved 1048576K
}

